SF:lib\models\user_model.dart
DA:10,2
DA:20,1
DA:21,1
DA:22,1
DA:23,1
DA:24,1
DA:25,1
DA:26,1
DA:27,1
DA:32,2
DA:33,2
DA:34,2
DA:35,2
DA:36,2
DA:37,2
DA:38,2
DA:39,2
DA:44,2
DA:45,4
DA:46,6
DA:48,2
DA:52,6
DA:55,6
DA:58,6
DA:61,6
DA:63,1
DA:64,4
LF:27
LH:27
end_of_record
SF:lib\services\api_service.dart
DA:13,0
DA:15,0
DA:16,0
DA:23,0
DA:25,0
DA:26,0
DA:30,3
DA:41,1
DA:42,1
DA:44,1
DA:45,1
DA:48,1
DA:49,1
DA:53,1
DA:54,1
DA:58,1
DA:59,1
DA:62,1
DA:63,2
DA:64,1
DA:65,1
DA:73,3
DA:74,1
DA:75,0
DA:76,0
DA:77,0
DA:79,0
DA:81,0
DA:83,0
DA:85,0
DA:86,0
DA:88,0
DA:91,0
DA:93,0
DA:95,0
DA:97,0
DA:104,0
DA:105,0
DA:106,0
DA:110,1
DA:111,1
DA:115,1
DA:116,1
DA:120,0
DA:125,0
DA:127,0
DA:130,0
DA:131,0
DA:132,0
DA:135,0
DA:136,0
DA:139,0
DA:140,0
DA:141,0
DA:142,0
DA:143,0
DA:145,0
DA:149,0
DA:150,0
DA:152,0
DA:154,0
DA:155,0
DA:156,0
DA:161,0
DA:167,0
DA:169,0
DA:172,0
DA:173,0
DA:174,0
DA:177,0
DA:178,0
DA:181,0
DA:182,0
DA:183,0
DA:185,0
DA:186,0
DA:191,0
DA:192,0
DA:194,0
DA:196,0
DA:197,0
DA:199,0
DA:200,0
DA:205,0
DA:206,0
DA:207,0
DA:208,0
DA:211,0
DA:212,0
DA:216,0
DA:222,0
DA:223,0
DA:224,0
DA:225,0
DA:230,0
DA:236,0
DA:237,0
DA:238,0
DA:239,0
DA:244,0
DA:250,0
DA:251,0
DA:252,0
DA:253,0
DA:258,0
DA:260,0
DA:261,0
DA:262,0
DA:267,0
DA:274,0
DA:275,0
DA:276,0
DA:279,0
DA:280,0
DA:281,0
DA:282,0
DA:286,0
DA:288,0
DA:290,0
DA:291,0
DA:293,0
DA:297,0
DA:299,0
DA:301,0
DA:305,0
DA:307,0
DA:309,0
DA:310,0
DA:311,0
DA:312,0
DA:314,0
LF:131
LH:21
end_of_record
SF:lib\services\user_service.dart
DA:7,3
DA:13,1
DA:15,1
DA:16,1
DA:20,1
DA:21,2
DA:22,1
DA:26,1
DA:28,2
DA:30,0
DA:31,0
DA:34,0
DA:35,0
DA:40,1
DA:41,1
DA:43,2
DA:44,2
DA:46,0
DA:51,2
DA:54,2
DA:57,0
DA:60,3
DA:63,3
DA:66,3
DA:69,3
DA:72,2
DA:75,2
DA:78,2
DA:81,1
DA:82,1
DA:84,2
DA:86,0
DA:91,3
DA:94,1
DA:95,2
DA:96,1
DA:98,1
DA:100,1
LF:38
LH:31
end_of_record
